This is pdfTeX, Version 3.14159265-2.6-1.40.20 (TeX Live 2019/Debian) (preloaded format=pdflatex 2020.5.9)  25 JUN 2020 21:25
entering extended mode
 restricted \write18 enabled.
 %&-line parsing enabled.
**Ubuntu.tex
(./Ubuntu.tex
LaTeX2e <2020-02-02> patch level 2
L3 programming layer <2020-02-14>
(/usr/share/texlive/texmf-dist/tex/latex/base/book.cls
Document Class: book 2019/12/20 v1.4l Standard LaTeX document class
(/usr/share/texlive/texmf-dist/tex/latex/base/bk11.clo
File: bk11.clo 2019/12/20 v1.4l Standard LaTeX file (size option)
)
\c@part=\count167
\c@chapter=\count168
\c@section=\count169
\c@subsection=\count170
\c@subsubsection=\count171
\c@paragraph=\count172
\c@subparagraph=\count173
\c@figure=\count174
\c@table=\count175
\abovecaptionskip=\skip47
\belowcaptionskip=\skip48
\bibindent=\dimen134
) (./structure.tex
(/usr/share/texlive/texmf-dist/tex/latex/geometry/geometry.sty
Package: geometry 2020/01/02 v5.9 Page Geometry

(/usr/share/texlive/texmf-dist/tex/latex/graphics/keyval.sty
Package: keyval 2014/10/28 v1.15 key=value parser (DPC)
\KV@toks@=\toks14
)
(/usr/share/texlive/texmf-dist/tex/generic/iftex/ifvtex.sty
Package: ifvtex 2019/10/25 v1.7 ifvtex legacy package. Use iftex instead.

(/usr/share/texlive/texmf-dist/tex/generic/iftex/iftex.sty
Package: iftex 2019/11/07 v1.0c TeX engine tests
))
\Gm@cnth=\count176
\Gm@cntv=\count177
\c@Gm@tempcnt=\count178
\Gm@bindingoffset=\dimen135
\Gm@wd@mp=\dimen136
\Gm@odd@mp=\dimen137
\Gm@even@mp=\dimen138
\Gm@layoutwidth=\dimen139
\Gm@layoutheight=\dimen140
\Gm@layouthoffset=\dimen141
\Gm@layoutvoffset=\dimen142
\Gm@dimlist=\toks15
)
(/usr/share/texlive/texmf-dist/tex/latex/import/import.sty
Package: import 2009/03/23  v 5.1
)
(/usr/share/texlive/texmf-dist/tex/latex/lipsum/lipsum.sty
(/usr/share/texlive/texmf-dist/tex/latex/l3kernel/expl3.sty
Package: expl3 2020-02-14 L3 programming layer (loader) 

(/usr/share/texlive/texmf-dist/tex/latex/l3backend/l3backend-pdfmode.def
File: l3backend-pdfmode.def 2020-02-03 L3 backend support: PDF mode
\l__kernel_color_stack_int=\count179
\l__pdf_internal_box=\box45
))
(/usr/share/texlive/texmf-dist/tex/latex/l3packages/xparse/xparse.sty
Package: xparse 2020-02-14 L3 Experimental document command parser
\l__xparse_current_arg_int=\count180
\g__xparse_grabber_int=\count181
\l__xparse_m_args_int=\count182
\l__xparse_v_nesting_int=\count183
)
Package: lipsum 2019/01/02 v2.2 150 paragraphs of Lorem Ipsum dummy text

(/usr/share/texlive/texmf-dist/tex/latex/lipsum/lipsum.ltd.tex
File: lipsum.ltd.tex 2019/01/02 v2.2 The Lorem ipsum dummy text
))
(/usr/share/texlive/texmf-dist/tex/generic/babel/babel.sty
Package: babel 2020/02/14 3.40 The Babel package

(/usr/share/texlive/texmf-dist/tex/generic/babel/switch.def
File: switch.def 2020/02/14 3.40 Babel switching mechanism
)
(/usr/share/texlive/texmf-dist/tex/generic/babel-portuges/portuges.ldf
Language: portuges 2008/03/18 v1.2q Portuguese support from the babel system

(/usr/share/texlive/texmf-dist/tex/generic/babel/babel.def
File: babel.def 2020/02/14 3.40 Babel common definitions
\babel@savecnt=\count184
\U@D=\dimen143

(/usr/share/texlive/texmf-dist/tex/generic/babel/txtbabel.def)
\bbl@readstream=\read2
\bbl@dirlevel=\count185
)
Package babel Info: \l@brazil = using hyphenrules for portuguese
(babel)             (\language4) on input line 113.
Package babel Info: Making " an active character on input line 145.
))
(/usr/share/texlive/texmf-dist/tex/latex/graphics/graphicx.sty
Package: graphicx 2019/11/30 v1.2a Enhanced LaTeX Graphics (DPC,SPQR)

(/usr/share/texlive/texmf-dist/tex/latex/graphics/graphics.sty
Package: graphics 2019/11/30 v1.4a Standard LaTeX Graphics (DPC,SPQR)

(/usr/share/texlive/texmf-dist/tex/latex/graphics/trig.sty
Package: trig 2016/01/03 v1.10 sin cos tan (DPC)
)
(/usr/share/texlive/texmf-dist/tex/latex/graphics-cfg/graphics.cfg
File: graphics.cfg 2016/06/04 v1.11 sample graphics configuration
)
Package graphics Info: Driver file: pdftex.def on input line 105.

(/usr/share/texlive/texmf-dist/tex/latex/graphics-def/pdftex.def
File: pdftex.def 2018/01/08 v1.0l Graphics/color driver for pdftex
))
\Gin@req@height=\dimen144
\Gin@req@width=\dimen145
)
(/usr/share/texlive/texmf-dist/tex/latex/wrapfig/wrapfig.sty
\wrapoverhang=\dimen146
\WF@size=\dimen147
\c@WF@wrappedlines=\count186
\WF@box=\box46
\WF@everypar=\toks16
Package: wrapfig 2003/01/31  v 3.6
)
(/usr/share/texlive/texmf-dist/tex/latex/pgf/frontendlayer/tikz.sty
(/usr/share/texlive/texmf-dist/tex/latex/pgf/basiclayer/pgf.sty
(/usr/share/texlive/texmf-dist/tex/latex/pgf/utilities/pgfrcs.sty
(/usr/share/texlive/texmf-dist/tex/generic/pgf/utilities/pgfutil-common.tex
\pgfutil@everybye=\toks17
\pgfutil@tempdima=\dimen148
\pgfutil@tempdimb=\dimen149

(/usr/share/texlive/texmf-dist/tex/generic/pgf/utilities/pgfutil-common-lists.t
ex)) (/usr/share/texlive/texmf-dist/tex/generic/pgf/utilities/pgfutil-latex.def
\pgfutil@abb=\box47
(/usr/share/texlive/texmf-dist/tex/latex/ms/everyshi.sty
Package: everyshi 2001/05/15 v3.00 EveryShipout Package (MS)
))
(/usr/share/texlive/texmf-dist/tex/generic/pgf/utilities/pgfrcs.code.tex
(/usr/share/texlive/texmf-dist/tex/generic/pgf/pgf.revision.tex)
Package: pgfrcs 2020/01/08 v3.1.5b (3.1.5b)
))
Package: pgf 2020/01/08 v3.1.5b (3.1.5b)

(/usr/share/texlive/texmf-dist/tex/latex/pgf/basiclayer/pgfcore.sty
(/usr/share/texlive/texmf-dist/tex/latex/pgf/systemlayer/pgfsys.sty
(/usr/share/texlive/texmf-dist/tex/generic/pgf/systemlayer/pgfsys.code.tex
Package: pgfsys 2020/01/08 v3.1.5b (3.1.5b)

(/usr/share/texlive/texmf-dist/tex/generic/pgf/utilities/pgfkeys.code.tex
\pgfkeys@pathtoks=\toks18
\pgfkeys@temptoks=\toks19

(/usr/share/texlive/texmf-dist/tex/generic/pgf/utilities/pgfkeysfiltered.code.t
ex
\pgfkeys@tmptoks=\toks20
))
\pgf@x=\dimen150
\pgf@y=\dimen151
\pgf@xa=\dimen152
\pgf@ya=\dimen153
\pgf@xb=\dimen154
\pgf@yb=\dimen155
\pgf@xc=\dimen156
\pgf@yc=\dimen157
\pgf@xd=\dimen158
\pgf@yd=\dimen159
\w@pgf@writea=\write3
\r@pgf@reada=\read3
\c@pgf@counta=\count187
\c@pgf@countb=\count188
\c@pgf@countc=\count189
\c@pgf@countd=\count190
\t@pgf@toka=\toks21
\t@pgf@tokb=\toks22
\t@pgf@tokc=\toks23
\pgf@sys@id@count=\count191
 (/usr/share/texlive/texmf-dist/tex/generic/pgf/systemlayer/pgf.cfg
File: pgf.cfg 2020/01/08 v3.1.5b (3.1.5b)
)
Driver file for pgf: pgfsys-pdftex.def

(/usr/share/texlive/texmf-dist/tex/generic/pgf/systemlayer/pgfsys-pdftex.def
File: pgfsys-pdftex.def 2020/01/08 v3.1.5b (3.1.5b)

(/usr/share/texlive/texmf-dist/tex/generic/pgf/systemlayer/pgfsys-common-pdf.de
f
File: pgfsys-common-pdf.def 2020/01/08 v3.1.5b (3.1.5b)
)))
(/usr/share/texlive/texmf-dist/tex/generic/pgf/systemlayer/pgfsyssoftpath.code.
tex
File: pgfsyssoftpath.code.tex 2020/01/08 v3.1.5b (3.1.5b)
\pgfsyssoftpath@smallbuffer@items=\count192
\pgfsyssoftpath@bigbuffer@items=\count193
)
(/usr/share/texlive/texmf-dist/tex/generic/pgf/systemlayer/pgfsysprotocol.code.
tex
File: pgfsysprotocol.code.tex 2020/01/08 v3.1.5b (3.1.5b)
)) (/usr/share/texlive/texmf-dist/tex/latex/xcolor/xcolor.sty
Package: xcolor 2016/05/11 v2.12 LaTeX color extensions (UK)

(/usr/share/texlive/texmf-dist/tex/latex/graphics-cfg/color.cfg
File: color.cfg 2016/01/02 v1.6 sample color configuration
)
Package xcolor Info: Driver file: pdftex.def on input line 225.
Package xcolor Info: Model `cmy' substituted by `cmy0' on input line 1348.
Package xcolor Info: Model `hsb' substituted by `rgb' on input line 1352.
Package xcolor Info: Model `RGB' extended on input line 1364.
Package xcolor Info: Model `HTML' substituted by `rgb' on input line 1366.
Package xcolor Info: Model `Hsb' substituted by `hsb' on input line 1367.
Package xcolor Info: Model `tHsb' substituted by `hsb' on input line 1368.
Package xcolor Info: Model `HSB' substituted by `hsb' on input line 1369.
Package xcolor Info: Model `Gray' substituted by `gray' on input line 1370.
Package xcolor Info: Model `wave' substituted by `hsb' on input line 1371.
)
(/usr/share/texlive/texmf-dist/tex/generic/pgf/basiclayer/pgfcore.code.tex
Package: pgfcore 2020/01/08 v3.1.5b (3.1.5b)

(/usr/share/texlive/texmf-dist/tex/generic/pgf/math/pgfmath.code.tex
(/usr/share/texlive/texmf-dist/tex/generic/pgf/math/pgfmathcalc.code.tex
(/usr/share/texlive/texmf-dist/tex/generic/pgf/math/pgfmathutil.code.tex)
(/usr/share/texlive/texmf-dist/tex/generic/pgf/math/pgfmathparser.code.tex
\pgfmath@dimen=\dimen160
\pgfmath@count=\count194
\pgfmath@box=\box48
\pgfmath@toks=\toks24
\pgfmath@stack@operand=\toks25
\pgfmath@stack@operation=\toks26
)
(/usr/share/texlive/texmf-dist/tex/generic/pgf/math/pgfmathfunctions.code.tex
(/usr/share/texlive/texmf-dist/tex/generic/pgf/math/pgfmathfunctions.basic.code
.tex)
(/usr/share/texlive/texmf-dist/tex/generic/pgf/math/pgfmathfunctions.trigonomet
ric.code.tex)
(/usr/share/texlive/texmf-dist/tex/generic/pgf/math/pgfmathfunctions.random.cod
e.tex)
(/usr/share/texlive/texmf-dist/tex/generic/pgf/math/pgfmathfunctions.comparison
.code.tex)
(/usr/share/texlive/texmf-dist/tex/generic/pgf/math/pgfmathfunctions.base.code.
tex)
(/usr/share/texlive/texmf-dist/tex/generic/pgf/math/pgfmathfunctions.round.code
.tex)
(/usr/share/texlive/texmf-dist/tex/generic/pgf/math/pgfmathfunctions.misc.code.
tex)
(/usr/share/texlive/texmf-dist/tex/generic/pgf/math/pgfmathfunctions.integerari
thmetics.code.tex)))
(/usr/share/texlive/texmf-dist/tex/generic/pgf/math/pgfmathfloat.code.tex
\c@pgfmathroundto@lastzeros=\count195
))
(/usr/share/texlive/texmf-dist/tex/generic/pgf/math/pgfint.code.tex)
(/usr/share/texlive/texmf-dist/tex/generic/pgf/basiclayer/pgfcorepoints.code.te
x
File: pgfcorepoints.code.tex 2020/01/08 v3.1.5b (3.1.5b)
\pgf@picminx=\dimen161
\pgf@picmaxx=\dimen162
\pgf@picminy=\dimen163
\pgf@picmaxy=\dimen164
\pgf@pathminx=\dimen165
\pgf@pathmaxx=\dimen166
\pgf@pathminy=\dimen167
\pgf@pathmaxy=\dimen168
\pgf@xx=\dimen169
\pgf@xy=\dimen170
\pgf@yx=\dimen171
\pgf@yy=\dimen172
\pgf@zx=\dimen173
\pgf@zy=\dimen174
)
(/usr/share/texlive/texmf-dist/tex/generic/pgf/basiclayer/pgfcorepathconstruct.
code.tex
File: pgfcorepathconstruct.code.tex 2020/01/08 v3.1.5b (3.1.5b)
\pgf@path@lastx=\dimen175
\pgf@path@lasty=\dimen176
)
(/usr/share/texlive/texmf-dist/tex/generic/pgf/basiclayer/pgfcorepathusage.code
.tex
File: pgfcorepathusage.code.tex 2020/01/08 v3.1.5b (3.1.5b)
\pgf@shorten@end@additional=\dimen177
\pgf@shorten@start@additional=\dimen178
)
(/usr/share/texlive/texmf-dist/tex/generic/pgf/basiclayer/pgfcorescopes.code.te
x
File: pgfcorescopes.code.tex 2020/01/08 v3.1.5b (3.1.5b)
\pgfpic=\box49
\pgf@hbox=\box50
\pgf@layerbox@main=\box51
\pgf@picture@serial@count=\count196
)
(/usr/share/texlive/texmf-dist/tex/generic/pgf/basiclayer/pgfcoregraphicstate.c
ode.tex
File: pgfcoregraphicstate.code.tex 2020/01/08 v3.1.5b (3.1.5b)
\pgflinewidth=\dimen179
)
(/usr/share/texlive/texmf-dist/tex/generic/pgf/basiclayer/pgfcoretransformation
s.code.tex
File: pgfcoretransformations.code.tex 2020/01/08 v3.1.5b (3.1.5b)
\pgf@pt@x=\dimen180
\pgf@pt@y=\dimen181
\pgf@pt@temp=\dimen182
)
(/usr/share/texlive/texmf-dist/tex/generic/pgf/basiclayer/pgfcorequick.code.tex
File: pgfcorequick.code.tex 2020/01/08 v3.1.5b (3.1.5b)
)
(/usr/share/texlive/texmf-dist/tex/generic/pgf/basiclayer/pgfcoreobjects.code.t
ex
File: pgfcoreobjects.code.tex 2020/01/08 v3.1.5b (3.1.5b)
)
(/usr/share/texlive/texmf-dist/tex/generic/pgf/basiclayer/pgfcorepathprocessing
.code.tex
File: pgfcorepathprocessing.code.tex 2020/01/08 v3.1.5b (3.1.5b)
)
(/usr/share/texlive/texmf-dist/tex/generic/pgf/basiclayer/pgfcorearrows.code.te
x
File: pgfcorearrows.code.tex 2020/01/08 v3.1.5b (3.1.5b)
\pgfarrowsep=\dimen183
)
(/usr/share/texlive/texmf-dist/tex/generic/pgf/basiclayer/pgfcoreshade.code.tex
File: pgfcoreshade.code.tex 2020/01/08 v3.1.5b (3.1.5b)
\pgf@max=\dimen184
\pgf@sys@shading@range@num=\count197
\pgf@shadingcount=\count198
)
(/usr/share/texlive/texmf-dist/tex/generic/pgf/basiclayer/pgfcoreimage.code.tex
File: pgfcoreimage.code.tex 2020/01/08 v3.1.5b (3.1.5b)

(/usr/share/texlive/texmf-dist/tex/generic/pgf/basiclayer/pgfcoreexternal.code.
tex
File: pgfcoreexternal.code.tex 2020/01/08 v3.1.5b (3.1.5b)
\pgfexternal@startupbox=\box52
))
(/usr/share/texlive/texmf-dist/tex/generic/pgf/basiclayer/pgfcorelayers.code.te
x
File: pgfcorelayers.code.tex 2020/01/08 v3.1.5b (3.1.5b)
)
(/usr/share/texlive/texmf-dist/tex/generic/pgf/basiclayer/pgfcoretransparency.c
ode.tex
File: pgfcoretransparency.code.tex 2020/01/08 v3.1.5b (3.1.5b)
)
(/usr/share/texlive/texmf-dist/tex/generic/pgf/basiclayer/pgfcorepatterns.code.
tex
File: pgfcorepatterns.code.tex 2020/01/08 v3.1.5b (3.1.5b)
)
(/usr/share/texlive/texmf-dist/tex/generic/pgf/basiclayer/pgfcorerdf.code.tex
File: pgfcorerdf.code.tex 2020/01/08 v3.1.5b (3.1.5b)
)))
(/usr/share/texlive/texmf-dist/tex/generic/pgf/modules/pgfmoduleshapes.code.tex
File: pgfmoduleshapes.code.tex 2020/01/08 v3.1.5b (3.1.5b)
\pgfnodeparttextbox=\box53
) (/usr/share/texlive/texmf-dist/tex/generic/pgf/modules/pgfmoduleplot.code.tex
File: pgfmoduleplot.code.tex 2020/01/08 v3.1.5b (3.1.5b)
)
(/usr/share/texlive/texmf-dist/tex/latex/pgf/compatibility/pgfcomp-version-0-65
.sty
Package: pgfcomp-version-0-65 2020/01/08 v3.1.5b (3.1.5b)
\pgf@nodesepstart=\dimen185
\pgf@nodesepend=\dimen186
)
(/usr/share/texlive/texmf-dist/tex/latex/pgf/compatibility/pgfcomp-version-1-18
.sty
Package: pgfcomp-version-1-18 2020/01/08 v3.1.5b (3.1.5b)
)) (/usr/share/texlive/texmf-dist/tex/latex/pgf/utilities/pgffor.sty
(/usr/share/texlive/texmf-dist/tex/latex/pgf/utilities/pgfkeys.sty
(/usr/share/texlive/texmf-dist/tex/generic/pgf/utilities/pgfkeys.code.tex))
(/usr/share/texlive/texmf-dist/tex/latex/pgf/math/pgfmath.sty
(/usr/share/texlive/texmf-dist/tex/generic/pgf/math/pgfmath.code.tex))
(/usr/share/texlive/texmf-dist/tex/generic/pgf/utilities/pgffor.code.tex
Package: pgffor 2020/01/08 v3.1.5b (3.1.5b)

(/usr/share/texlive/texmf-dist/tex/generic/pgf/math/pgfmath.code.tex)
\pgffor@iter=\dimen187
\pgffor@skip=\dimen188
\pgffor@stack=\toks27
\pgffor@toks=\toks28
))
(/usr/share/texlive/texmf-dist/tex/generic/pgf/frontendlayer/tikz/tikz.code.tex
Package: tikz 2020/01/08 v3.1.5b (3.1.5b)

(/usr/share/texlive/texmf-dist/tex/generic/pgf/libraries/pgflibraryplothandlers
.code.tex
File: pgflibraryplothandlers.code.tex 2020/01/08 v3.1.5b (3.1.5b)
\pgf@plot@mark@count=\count199
\pgfplotmarksize=\dimen189
)
\tikz@lastx=\dimen190
\tikz@lasty=\dimen191
\tikz@lastxsaved=\dimen192
\tikz@lastysaved=\dimen193
\tikz@lastmovetox=\dimen194
\tikz@lastmovetoy=\dimen195
\tikzleveldistance=\dimen196
\tikzsiblingdistance=\dimen197
\tikz@figbox=\box54
\tikz@figbox@bg=\box55
\tikz@tempbox=\box56
\tikz@tempbox@bg=\box57
\tikztreelevel=\count266
\tikznumberofchildren=\count267
\tikznumberofcurrentchild=\count268
\tikz@fig@count=\count269

(/usr/share/texlive/texmf-dist/tex/generic/pgf/modules/pgfmodulematrix.code.tex
File: pgfmodulematrix.code.tex 2020/01/08 v3.1.5b (3.1.5b)
\pgfmatrixcurrentrow=\count270
\pgfmatrixcurrentcolumn=\count271
\pgf@matrix@numberofcolumns=\count272
)
\tikz@expandcount=\count273

(/usr/share/texlive/texmf-dist/tex/generic/pgf/frontendlayer/tikz/libraries/tik
zlibrarytopaths.code.tex
File: tikzlibrarytopaths.code.tex 2020/01/08 v3.1.5b (3.1.5b)
)))
(/usr/share/texlive/texmf-dist/tex/latex/base/fontenc.sty
Package: fontenc 2020/02/11 v2.0o Standard LaTeX package
)
(/usr/share/texlive/texmf-dist/tex/latex/base/inputenc.sty
Package: inputenc 2018/08/11 v1.3c Input encoding file
\inpenc@prehook=\toks29
\inpenc@posthook=\toks30
)
(/usr/share/texlive/texmf-dist/tex/latex/enumitem/enumitem.sty
Package: enumitem 2019/06/20 v3.9 Customized lists
\labelindent=\skip49
\enit@outerparindent=\dimen198
\enit@toks=\toks31
\enit@inbox=\box58
\enit@count@id=\count274
\enitdp@description=\count275
)
(/usr/share/texlive/texmf-dist/tex/latex/tools/longtable.sty
Package: longtable 2020/01/07 v4.13 Multi-page Table package (DPC)
\LTleft=\skip50
\LTright=\skip51
\LTpre=\skip52
\LTpost=\skip53
\LTchunksize=\count276
\LTcapwidth=\dimen199
\LT@head=\box59
\LT@firsthead=\box60
\LT@foot=\box61
\LT@lastfoot=\box62
\LT@cols=\count277
\LT@rows=\count278
\c@LT@tables=\count279
\c@LT@chunks=\count280
\LT@p@ftn=\toks32
)
(/usr/share/texlive/texmf-dist/tex/latex/booktabs/booktabs.sty
Package: booktabs 2020/01/12 v1.61803398 Publication quality tables
\heavyrulewidth=\dimen256
\lightrulewidth=\dimen257
\cmidrulewidth=\dimen258
\belowrulesep=\dimen259
\belowbottomsep=\dimen260
\aboverulesep=\dimen261
\abovetopsep=\dimen262
\cmidrulesep=\dimen263
\cmidrulekern=\dimen264
\defaultaddspace=\dimen265
\@cmidla=\count281
\@cmidlb=\count282
\@aboverulesep=\dimen266
\@belowrulesep=\dimen267
\@thisruleclass=\count283
\@lastruleclass=\count284
\@thisrulewidth=\dimen268
)
(/usr/share/texlive/texmf-dist/tex/latex/listings/listings.sty
\lst@mode=\count285
\lst@gtempboxa=\box63
\lst@token=\toks33
\lst@length=\count286
\lst@currlwidth=\dimen269
\lst@column=\count287
\lst@pos=\count288
\lst@lostspace=\dimen270
\lst@width=\dimen271
\lst@newlines=\count289
\lst@lineno=\count290
\lst@maxwidth=\dimen272

(/usr/share/texlive/texmf-dist/tex/latex/listings/lstmisc.sty
File: lstmisc.sty 2019/09/10 1.8c (Carsten Heinz)
\c@lstnumber=\count291
\lst@skipnumbers=\count292
\lst@framebox=\box64
)
(/usr/share/texlive/texmf-dist/tex/latex/listings/listings.cfg
File: listings.cfg 2019/09/10 1.8c listings configuration
))
Package: listings 2019/09/10 1.8c (Carsten Heinz)

(/usr/share/texlive/texmf-dist/tex/latex/float/float.sty
Package: float 2001/11/08 v1.3d Float enhancements (AL)
\c@float@type=\count293
\float@exts=\toks34
\float@box=\box65
\@float@everytoks=\toks35
\@floatcapt=\box66
)
(/usr/share/texlive/texmf-dist/tex/latex/psnfss/avant.sty
Package: avant 2005/04/12 PSNFSS-v9.2a (SPQR) 
)
(/usr/share/texlive/texmf-dist/tex/latex/psnfss/mathptmx.sty
Package: mathptmx 2005/04/12 PSNFSS-v9.2a Times w/ Math, improved (SPQR, WaS) 
LaTeX Font Info:    Redeclaring symbol font `operators' on input line 28.
LaTeX Font Info:    Overwriting symbol font `operators' in version `normal'
(Font)                  OT1/cmr/m/n --> OT1/ztmcm/m/n on input line 28.
LaTeX Font Info:    Overwriting symbol font `operators' in version `bold'
(Font)                  OT1/cmr/bx/n --> OT1/ztmcm/m/n on input line 28.
LaTeX Font Info:    Redeclaring symbol font `letters' on input line 29.
LaTeX Font Info:    Overwriting symbol font `letters' in version `normal'
(Font)                  OML/cmm/m/it --> OML/ztmcm/m/it on input line 29.
LaTeX Font Info:    Overwriting symbol font `letters' in version `bold'
(Font)                  OML/cmm/b/it --> OML/ztmcm/m/it on input line 29.
LaTeX Font Info:    Redeclaring symbol font `symbols' on input line 30.
LaTeX Font Info:    Overwriting symbol font `symbols' in version `normal'
(Font)                  OMS/cmsy/m/n --> OMS/ztmcm/m/n on input line 30.
LaTeX Font Info:    Overwriting symbol font `symbols' in version `bold'
(Font)                  OMS/cmsy/b/n --> OMS/ztmcm/m/n on input line 30.
LaTeX Font Info:    Redeclaring symbol font `largesymbols' on input line 31.
LaTeX Font Info:    Overwriting symbol font `largesymbols' in version `normal'
(Font)                  OMX/cmex/m/n --> OMX/ztmcm/m/n on input line 31.
LaTeX Font Info:    Overwriting symbol font `largesymbols' in version `bold'
(Font)                  OMX/cmex/m/n --> OMX/ztmcm/m/n on input line 31.
\symbold=\mathgroup4
\symitalic=\mathgroup5
LaTeX Font Info:    Redeclaring math alphabet \mathbf on input line 34.
LaTeX Font Info:    Overwriting math alphabet `\mathbf' in version `normal'
(Font)                  OT1/cmr/bx/n --> OT1/ptm/bx/n on input line 34.
LaTeX Font Info:    Overwriting math alphabet `\mathbf' in version `bold'
(Font)                  OT1/cmr/bx/n --> OT1/ptm/bx/n on input line 34.
LaTeX Font Info:    Redeclaring math alphabet \mathit on input line 35.
LaTeX Font Info:    Overwriting math alphabet `\mathit' in version `normal'
(Font)                  OT1/cmr/m/it --> OT1/ptm/m/it on input line 35.
LaTeX Font Info:    Overwriting math alphabet `\mathit' in version `bold'
(Font)                  OT1/cmr/bx/it --> OT1/ptm/m/it on input line 35.
LaTeX Info: Redefining \hbar on input line 50.
)
(/usr/share/texlive/texmf-dist/tex/latex/microtype/microtype.sty
Package: microtype 2019/11/18 v2.7d Micro-typographical refinements (RS)
\MT@toks=\toks36
\MT@count=\count294
LaTeX Info: Redefining \textls on input line 790.
\MT@outer@kern=\dimen273
LaTeX Info: Redefining \textmicrotypecontext on input line 1354.
\MT@listname@count=\count295

(/usr/share/texlive/texmf-dist/tex/latex/microtype/microtype-pdftex.def
File: microtype-pdftex.def 2019/11/18 v2.7d Definitions specific to pdftex (RS)

LaTeX Info: Redefining \lsstyle on input line 914.
LaTeX Info: Redefining \lslig on input line 914.
\MT@outer@space=\skip54
)
Package microtype Info: Loading configuration file microtype.cfg.

(/usr/share/texlive/texmf-dist/tex/latex/microtype/microtype.cfg
File: microtype.cfg 2019/11/18 v2.7d microtype main configuration file (RS)
))
(/usr/share/texlive/texmf-dist/tex/latex/base/fontenc.sty
Package: fontenc 2020/02/11 v2.0o Standard LaTeX package
LaTeX Font Info:    Trying to load font information for T1+ptm on input line 11
2.

(/usr/share/texlive/texmf-dist/tex/latex/psnfss/t1ptm.fd
File: t1ptm.fd 2001/06/04 font definitions for T1/ptm.
))
(/usr/share/texlive/texmf-dist/tex/latex/tools/calc.sty
Package: calc 2017/05/25 v4.3 Infix arithmetic (KKT,FJ)
\calc@Acount=\count296
\calc@Bcount=\count297
\calc@Adimen=\dimen274
\calc@Bdimen=\dimen275
\calc@Askip=\skip55
\calc@Bskip=\skip56
LaTeX Info: Redefining \setlength on input line 80.
LaTeX Info: Redefining \addtolength on input line 81.
\calc@Ccount=\count298
\calc@Cskip=\skip57
)
(/usr/share/texlive/texmf-dist/tex/latex/base/makeidx.sty
Package: makeidx 2014/09/29 v1.0m Standard LaTeX package
)
\@indexfile=\write4
\openout4 = `Ubuntu.idx'.


Writing index file Ubuntu.idx
(/usr/share/texlive/texmf-dist/tex/latex/titlesec/titletoc.sty
Package: titletoc 2019/10/16 v2.13 TOC entries
\ttl@leftsep=\dimen276
)
(/usr/share/texlive/texmf-dist/tex/latex/fancyhdr/fancyhdr.sty
Package: fancyhdr 2019/01/31 v3.10 Extensive control of page headers and footer
s
\f@nch@headwidth=\skip58
\f@nch@O@elh=\skip59
\f@nch@O@erh=\skip60
\f@nch@O@olh=\skip61
\f@nch@O@orh=\skip62
\f@nch@O@elf=\skip63
\f@nch@O@erf=\skip64
\f@nch@O@olf=\skip65
\f@nch@O@orf=\skip66
)
(/usr/share/texlive/texmf-dist/tex/latex/amsmath/amsmath.sty
Package: amsmath 2020/01/20 v2.17e AMS math features
\@mathmargin=\skip67

For additional information on amsmath, use the `?' option.
(/usr/share/texlive/texmf-dist/tex/latex/amsmath/amstext.sty
Package: amstext 2000/06/29 v2.01 AMS text

(/usr/share/texlive/texmf-dist/tex/latex/amsmath/amsgen.sty
File: amsgen.sty 1999/11/30 v2.0 generic functions
\@emptytoks=\toks37
\ex@=\dimen277
))
(/usr/share/texlive/texmf-dist/tex/latex/amsmath/amsbsy.sty
Package: amsbsy 1999/11/29 v1.2d Bold Symbols
\pmbraise@=\dimen278
)
(/usr/share/texlive/texmf-dist/tex/latex/amsmath/amsopn.sty
Package: amsopn 2016/03/08 v2.02 operator names
)
\inf@bad=\count299
LaTeX Info: Redefining \frac on input line 227.
\uproot@=\count300
\leftroot@=\count301
LaTeX Info: Redefining \overline on input line 389.
\classnum@=\count302
\DOTSCASE@=\count303
LaTeX Info: Redefining \ldots on input line 486.
LaTeX Info: Redefining \dots on input line 489.
LaTeX Info: Redefining \cdots on input line 610.
\Mathstrutbox@=\box67
\strutbox@=\box68
\big@size=\dimen279
LaTeX Font Info:    Redeclaring font encoding OML on input line 733.
LaTeX Font Info:    Redeclaring font encoding OMS on input line 734.
\macc@depth=\count304
\c@MaxMatrixCols=\count305
\dotsspace@=\muskip16
\c@parentequation=\count306
\dspbrk@lvl=\count307
\tag@help=\toks38
\row@=\count308
\column@=\count309
\maxfields@=\count310
\andhelp@=\toks39
\eqnshift@=\dimen280
\alignsep@=\dimen281
\tagshift@=\dimen282
\tagwidth@=\dimen283
\totwidth@=\dimen284
\lineht@=\dimen285
\@envbody=\toks40
\multlinegap=\skip68
\multlinetaggap=\skip69
\mathdisplay@stack=\toks41
LaTeX Info: Redefining \[ on input line 2859.
LaTeX Info: Redefining \] on input line 2860.
)
(/usr/share/texlive/texmf-dist/tex/latex/amsfonts/amsfonts.sty
Package: amsfonts 2013/01/14 v3.01 Basic AMSFonts support
\symAMSa=\mathgroup6
\symAMSb=\mathgroup7
LaTeX Font Info:    Overwriting math alphabet `\mathfrak' in version `bold'
(Font)                  U/euf/m/n --> U/euf/b/n on input line 106.
)
(/usr/share/texlive/texmf-dist/tex/latex/amsfonts/amssymb.sty
Package: amssymb 2013/01/14 v3.01 AMS font symbols
)
(/usr/share/texlive/texmf-dist/tex/latex/amscls/amsthm.sty
Package: amsthm 2017/10/31 v2.20.4
\thm@style=\toks42
\thm@bodyfont=\toks43
\thm@headfont=\toks44
\thm@notefont=\toks45
\thm@headpunct=\toks46
\thm@preskip=\skip70
\thm@postskip=\skip71
\thm@headsep=\skip72
\dth@everypar=\toks47
)
\c@notation=\count311
\c@dummy=\count312
\c@theoremeT=\count313
\c@problem=\count314
\c@exerciseT=\count315
\c@exampleT=\count316
\c@vocabulary=\count317
\c@definitionT=\count318
\c@dicaT=\count319

(/usr/share/texlive/texmf-dist/tex/latex/mdframed/mdframed.sty
Package: mdframed 2013/07/01 1.9b: mdframed

(/usr/share/texlive/texmf-dist/tex/latex/kvoptions/kvoptions.sty
Package: kvoptions 2019/11/29 v3.13 Key value format for package options (HO)

(/usr/share/texlive/texmf-dist/tex/generic/ltxcmds/ltxcmds.sty
Package: ltxcmds 2019/12/15 v1.24 LaTeX kernel commands for general use (HO)
)
(/usr/share/texlive/texmf-dist/tex/generic/kvsetkeys/kvsetkeys.sty
Package: kvsetkeys 2019/12/15 v1.18 Key value parser (HO)
))
(/usr/share/texlive/texmf-dist/tex/latex/etoolbox/etoolbox.sty
Package: etoolbox 2019/09/21 v2.5h e-TeX tools for LaTeX (JAW)
\etb@tempcnta=\count320
)
(/usr/share/texlive/texmf-dist/tex/latex/zref/zref-abspage.sty
Package: zref-abspage 2019/11/29 v2.28 Module abspage for zref (HO)

(/usr/share/texlive/texmf-dist/tex/latex/zref/zref-base.sty
Package: zref-base 2019/11/29 v2.28 Module base for zref (HO)

(/usr/share/texlive/texmf-dist/tex/generic/infwarerr/infwarerr.sty
Package: infwarerr 2019/12/03 v1.5 Providing info/warning/error messages (HO)
)
(/usr/share/texlive/texmf-dist/tex/generic/kvdefinekeys/kvdefinekeys.sty
Package: kvdefinekeys 2019-12-19 v1.6 Define keys (HO)
)
(/usr/share/texlive/texmf-dist/tex/latex/pdftexcmds/pdftexcmds.sty
Package: pdftexcmds 2019/11/24 v0.31 Utility functions of pdfTeX for LuaTeX (HO
)
Package pdftexcmds Info: \pdf@primitive is available.
Package pdftexcmds Info: \pdf@ifprimitive is available.
Package pdftexcmds Info: \pdfdraftmode found.
)
(/usr/share/texlive/texmf-dist/tex/generic/etexcmds/etexcmds.sty
Package: etexcmds 2019/12/15 v1.7 Avoid name clashes with e-TeX commands (HO)
)
(/usr/share/texlive/texmf-dist/tex/latex/auxhook/auxhook.sty
Package: auxhook 2019-12-17 v1.6 Hooks for auxiliary files (HO)
)
Package zref Info: New property list: main on input line 763.
Package zref Info: New property: default on input line 764.
Package zref Info: New property: page on input line 765.
)
(/usr/share/texlive/texmf-dist/tex/generic/atbegshi/atbegshi.sty
Package: atbegshi 2019/12/05 v1.19 At begin shipout hook (HO)
)
\c@abspage=\count321
Package zref Info: New property: abspage on input line 66.
)
(/usr/share/texlive/texmf-dist/tex/latex/needspace/needspace.sty
Package: needspace 2010/09/12 v1.3d reserve vertical space
)
\mdf@templength=\skip73
\c@mdf@globalstyle@cnt=\count322
\mdf@skipabove@length=\skip74
\mdf@skipbelow@length=\skip75
\mdf@leftmargin@length=\skip76
\mdf@rightmargin@length=\skip77
\mdf@innerleftmargin@length=\skip78
\mdf@innerrightmargin@length=\skip79
\mdf@innertopmargin@length=\skip80
\mdf@innerbottommargin@length=\skip81
\mdf@splittopskip@length=\skip82
\mdf@splitbottomskip@length=\skip83
\mdf@outermargin@length=\skip84
\mdf@innermargin@length=\skip85
\mdf@linewidth@length=\skip86
\mdf@innerlinewidth@length=\skip87
\mdf@middlelinewidth@length=\skip88
\mdf@outerlinewidth@length=\skip89
\mdf@roundcorner@length=\skip90
\mdf@footenotedistance@length=\skip91
\mdf@userdefinedwidth@length=\skip92
\mdf@needspace@length=\skip93
\mdf@frametitleaboveskip@length=\skip94
\mdf@frametitlebelowskip@length=\skip95
\mdf@frametitlerulewidth@length=\skip96
\mdf@frametitleleftmargin@length=\skip97
\mdf@frametitlerightmargin@length=\skip98
\mdf@shadowsize@length=\skip99
\mdf@extratopheight@length=\skip100
\mdf@subtitleabovelinewidth@length=\skip101
\mdf@subtitlebelowlinewidth@length=\skip102
\mdf@subtitleaboveskip@length=\skip103
\mdf@subtitlebelowskip@length=\skip104
\mdf@subtitleinneraboveskip@length=\skip105
\mdf@subtitleinnerbelowskip@length=\skip106
\mdf@subsubtitleabovelinewidth@length=\skip107
\mdf@subsubtitlebelowlinewidth@length=\skip108
\mdf@subsubtitleaboveskip@length=\skip109
\mdf@subsubtitlebelowskip@length=\skip110
\mdf@subsubtitleinneraboveskip@length=\skip111
\mdf@subsubtitleinnerbelowskip@length=\skip112

(/usr/share/texlive/texmf-dist/tex/latex/mdframed/md-frame-0.mdf
File: md-frame-0.mdf 2013/07/01\ 1.9b: md-frame-0
)
\mdf@frametitlebox=\box69
\mdf@footnotebox=\box70
\mdf@splitbox@one=\box71
\mdf@splitbox@two=\box72
\mdf@splitbox@save=\box73
\mdfsplitboxwidth=\skip113
\mdfsplitboxtotalwidth=\skip114
\mdfsplitboxheight=\skip115
\mdfsplitboxdepth=\skip116
\mdfsplitboxtotalheight=\skip117
\mdfframetitleboxwidth=\skip118
\mdfframetitleboxtotalwidth=\skip119
\mdfframetitleboxheight=\skip120
\mdfframetitleboxdepth=\skip121
\mdfframetitleboxtotalheight=\skip122
\mdffootnoteboxwidth=\skip123
\mdffootnoteboxtotalwidth=\skip124
\mdffootnoteboxheight=\skip125
\mdffootnoteboxdepth=\skip126
\mdffootnoteboxtotalheight=\skip127
\mdftotallinewidth=\skip128
\mdfboundingboxwidth=\skip129
\mdfboundingboxtotalwidth=\skip130
\mdfboundingboxheight=\skip131
\mdfboundingboxdepth=\skip132
\mdfboundingboxtotalheight=\skip133
\mdf@freevspace@length=\skip134
\mdf@horizontalwidthofbox@length=\skip135
\mdf@verticalmarginwhole@length=\skip136
\mdf@horizontalspaceofbox=\skip137
\mdfsubtitleheight=\skip138
\mdfsubsubtitleheight=\skip139
\c@mdfcountframes=\count323

****** mdframed patching \endmdf@trivlist

****** -- success******

\mdf@envdepth=\count324
\c@mdf@env@i=\count325
\c@mdf@env@ii=\count326
\c@mdf@zref@counter=\count327
Package zref Info: New property: mdf@pagevalue on input line 895.
)
\esp=\skip140
\ecart=\skip141

(/usr/share/texlive/texmf-dist/tex/latex/url/url.sty
\Urlmuskip=\muskip17
Package: url 2013/09/16  ver 3.4  Verb mode for urls, etc.
)
(/usr/share/texlive/texmf-dist/tex/latex/bookmark/bookmark.sty
Package: bookmark 2019/12/03 v1.28 PDF bookmarks (HO)

(/usr/share/texlive/texmf-dist/tex/latex/hyperref/hyperref.sty
Package: hyperref 2020/01/14 v7.00d Hypertext links for LaTeX

(/usr/share/texlive/texmf-dist/tex/generic/pdfescape/pdfescape.sty
Package: pdfescape 2019/12/09 v1.15 Implements pdfTeX's escape features (HO)
)
(/usr/share/texlive/texmf-dist/tex/latex/hycolor/hycolor.sty
Package: hycolor 2020-01-27 v1.10 Color options for hyperref/bookmark (HO)
)
(/usr/share/texlive/texmf-dist/tex/latex/letltxmacro/letltxmacro.sty
Package: letltxmacro 2019/12/03 v1.6 Let assignment for LaTeX macros (HO)
)
\@linkdim=\dimen286
\Hy@linkcounter=\count328
\Hy@pagecounter=\count329

(/usr/share/texlive/texmf-dist/tex/latex/hyperref/pd1enc.def
File: pd1enc.def 2020/01/14 v7.00d Hyperref: PDFDocEncoding definition (HO)
Now handling font encoding PD1 ...
... no UTF-8 mapping file for font encoding PD1
)
(/usr/share/texlive/texmf-dist/tex/generic/intcalc/intcalc.sty
Package: intcalc 2019/12/15 v1.3 Expandable calculations with integers (HO)
)
\Hy@SavedSpaceFactor=\count330
\pdfmajorversion=\count331
Package hyperref Info: Hyper figures OFF on input line 4547.
Package hyperref Info: Link nesting OFF on input line 4552.
Package hyperref Info: Hyper index ON on input line 4555.
Package hyperref Info: Plain pages OFF on input line 4562.
Package hyperref Info: Backreferencing OFF on input line 4567.
Package hyperref Info: Implicit mode ON; LaTeX internals redefined.
Package hyperref Info: Bookmarks ON on input line 4800.
\c@Hy@tempcnt=\count332
LaTeX Info: Redefining \url on input line 5159.
\XeTeXLinkMargin=\dimen287

(/usr/share/texlive/texmf-dist/tex/generic/bitset/bitset.sty
Package: bitset 2019/12/09 v1.3 Handle bit-vector datatype (HO)

(/usr/share/texlive/texmf-dist/tex/generic/bigintcalc/bigintcalc.sty
Package: bigintcalc 2019/12/15 v1.5 Expandable calculations on big integers (HO
)
))
\Fld@menulength=\count333
\Field@Width=\dimen288
\Fld@charsize=\dimen289
Package hyperref Info: Hyper figures OFF on input line 6430.
Package hyperref Info: Link nesting OFF on input line 6435.
Package hyperref Info: Hyper index ON on input line 6438.
Package hyperref Info: backreferencing OFF on input line 6445.
Package hyperref Info: Link coloring OFF on input line 6450.
Package hyperref Info: Link coloring with OCG OFF on input line 6455.
Package hyperref Info: PDF/A mode OFF on input line 6460.
LaTeX Info: Redefining \ref on input line 6500.
LaTeX Info: Redefining \pageref on input line 6504.
\Hy@abspage=\count334
\c@Item=\count335
\c@Hfootnote=\count336
)
Package hyperref Info: Driver (autodetected): hpdftex.

(/usr/share/texlive/texmf-dist/tex/latex/hyperref/hpdftex.def
File: hpdftex.def 2020/01/14 v7.00d Hyperref driver for pdfTeX

(/usr/share/texlive/texmf-dist/tex/latex/atveryend/atveryend.sty
Package: atveryend 2019-12-11 v1.11 Hooks at the very end of document (HO)
)
\HyAnn@Count=\count337
\Fld@listcount=\count338
\c@bookmark@seq@number=\count339

(/usr/share/texlive/texmf-dist/tex/latex/rerunfilecheck/rerunfilecheck.sty
Package: rerunfilecheck 2019/12/05 v1.9 Rerun checks for auxiliary files (HO)

(/usr/share/texlive/texmf-dist/tex/generic/uniquecounter/uniquecounter.sty
Package: uniquecounter 2019/12/15 v1.4 Provide unlimited unique counter (HO)
)
Package uniquecounter Info: New unique counter `rerunfilecheck' on input line 2
86.
)
\Hy@SectionHShift=\skip142
)
(/usr/share/texlive/texmf-dist/tex/latex/bookmark/bkm-pdftex.def
File: bkm-pdftex.def 2019/12/03 v1.28 bookmark driver for pdfTeX (HO)
\BKM@id=\count340
)))
(./Ubuntu.aux)
\openout1 = `Ubuntu.aux'.

LaTeX Font Info:    Checking defaults for OML/cmm/m/it on input line 7.
LaTeX Font Info:    ... okay on input line 7.
LaTeX Font Info:    Checking defaults for OMS/cmsy/m/n on input line 7.
LaTeX Font Info:    ... okay on input line 7.
LaTeX Font Info:    Checking defaults for OT1/cmr/m/n on input line 7.
LaTeX Font Info:    ... okay on input line 7.
LaTeX Font Info:    Checking defaults for T1/cmr/m/n on input line 7.
LaTeX Font Info:    ... okay on input line 7.
LaTeX Font Info:    Checking defaults for TS1/cmr/m/n on input line 7.
LaTeX Font Info:    ... okay on input line 7.
LaTeX Font Info:    Checking defaults for OMX/cmex/m/n on input line 7.
LaTeX Font Info:    ... okay on input line 7.
LaTeX Font Info:    Checking defaults for U/cmr/m/n on input line 7.
LaTeX Font Info:    ... okay on input line 7.
LaTeX Font Info:    Checking defaults for PD1/pdf/m/n on input line 7.
LaTeX Font Info:    ... okay on input line 7.

*geometry* driver: auto-detecting
*geometry* detected driver: pdftex
*geometry* verbose mode - [ preamble ] result:
* driver: pdftex
* paper: a4paper
* layout: <same size as paper>
* layoutoffset:(h,v)=(0.0pt,0.0pt)
* modes: twoside 
* h-part:(L,W,R)=(85.35826pt, 455.24411pt, 56.9055pt)
* v-part:(T,H,B)=(85.35826pt, 674.33032pt, 85.35826pt)
* \paperwidth=597.50787pt
* \paperheight=845.04684pt
* \textwidth=455.24411pt
* \textheight=674.33032pt
* \oddsidemargin=13.08827pt
* \evensidemargin=-15.36449pt
* \topmargin=-8.91173pt
* \headheight=24.0pt
* \headsep=10.0pt
* \topskip=11.0pt
* \footskip=27.46295pt
* \marginparwidth=106.0pt
* \marginparsep=7.0pt
* \columnsep=10.0pt
* \skip\footins=10.0pt plus 4.0pt minus 2.0pt
* \hoffset=0.0pt
* \voffset=0.0pt
* \mag=1000
* \@twocolumnfalse
* \@twosidetrue
* \@mparswitchtrue
* \@reversemarginfalse
* (1in=72.27pt=25.4mm, 1cm=28.453pt)

(/usr/share/texlive/texmf-dist/tex/context/base/mkii/supp-pdf.mkii
[Loading MPS to PDF converter (version 2006.09.02).]
\scratchcounter=\count341
\scratchdimen=\dimen290
\scratchbox=\box74
\nofMPsegments=\count342
\nofMParguments=\count343
\everyMPshowfont=\toks48
\MPscratchCnt=\count344
\MPscratchDim=\dimen291
\MPnumerator=\count345
\makeMPintoPDFobject=\count346
\everyMPtoPDFconversion=\toks49
) (/usr/share/texlive/texmf-dist/tex/latex/epstopdf-pkg/epstopdf-base.sty
Package: epstopdf-base 2020-01-24 v2.11 Base part for package epstopdf
Package epstopdf-base Info: Redefining graphics rule for `.eps' on input line 4
85.

(/usr/share/texlive/texmf-dist/tex/latex/latexconfig/epstopdf-sys.cfg
File: epstopdf-sys.cfg 2010/07/13 v1.3 Configuration of (r)epstopdf for TeX Liv
e
))
ABD: EveryShipout initializing macros
\c@lstlisting=\count347
LaTeX Info: Redefining \microtypecontext on input line 7.
Package microtype Info: Generating PDF output.
Package microtype Info: Character protrusion enabled (level 2).
Package microtype Info: Using default protrusion set `alltext'.
Package microtype Info: Automatic font expansion enabled (level 2),
(microtype)             stretch: 20, shrink: 20, step: 1, non-selected.
Package microtype Info: Using default expansion set `basictext'.
LaTeX Info: Redefining \showhyphens on input line 7.
Package microtype Info: No adjustment of tracking.
Package microtype Info: No adjustment of interword spacing.
Package microtype Info: No adjustment of character kerning.

(/usr/share/texlive/texmf-dist/tex/latex/microtype/mt-ptm.cfg
File: mt-ptm.cfg 2006/04/20 v1.7 microtype config. file: Times (RS)
)
\AtBeginShipoutBox=\box75
Package hyperref Info: Link coloring OFF on input line 7.

(/usr/share/texlive/texmf-dist/tex/latex/hyperref/nameref.sty
Package: nameref 2019/09/16 v2.46 Cross-referencing by name of section

(/usr/share/texlive/texmf-dist/tex/latex/refcount/refcount.sty
Package: refcount 2019/12/15 v3.6 Data extraction from label references (HO)
)
(/usr/share/texlive/texmf-dist/tex/generic/gettitlestring/gettitlestring.sty
Package: gettitlestring 2019/12/15 v1.6 Cleanup title references (HO)
)
\c@section@level=\count348
)
LaTeX Info: Redefining \ref on input line 7.
LaTeX Info: Redefining \pageref on input line 7.
LaTeX Info: Redefining \nameref on input line 7.
<Pictures/background2.pdf, id=7, 583.9416pt x 834.71848pt>
File: Pictures/background2.pdf Graphic file (type pdf)
<use Pictures/background2.pdf>
Package pdftex.def Info: Pictures/background2.pdf  used on input line 15.
(pdftex.def)             Requested size: 597.50787pt x 854.11452pt.
LaTeX Font Info:    Trying to load font information for T1+pag on input line 16
.

(/usr/share/texlive/texmf-dist/tex/latex/psnfss/t1pag.fd
File: t1pag.fd 2001/06/04 font definitions for T1/pag.
)
LaTeX Font Info:    Font shape `T1/pag/b/n' in size <24.88> not available
(Font)              Font shape `T1/pag/db/n' tried instead on input line 16.
Package microtype Info: Loading generic protrusion settings for font family
(microtype)             `pag' (encoding: T1).
(microtype)             For optimal results, create family-specific settings.
(microtype)             See the microtype manual for details.
LaTeX Font Info:    Font shape `T1/pag/b/n' in size <14.4> not available
(Font)              Font shape `T1/pag/db/n' tried instead on input line 18.
LaTeX Font Info:    Font shape `T1/pag/b/n' in size <20.74> not available
(Font)              Font shape `T1/pag/db/n' tried instead on input line 18.
LaTeX Font Info:    Trying to load font information for OT1+ztmcm on input line
 18.

(/usr/share/texlive/texmf-dist/tex/latex/psnfss/ot1ztmcm.fd
File: ot1ztmcm.fd 2000/01/03 Fontinst v1.801 font definitions for OT1/ztmcm.
)
Package microtype Info: Loading generic protrusion settings for font family
(microtype)             `ztmcm' (encoding: OT1).
(microtype)             For optimal results, create family-specific settings.
(microtype)             See the microtype manual for details.
LaTeX Font Info:    Trying to load font information for OML+ztmcm on input line
 18.

(/usr/share/texlive/texmf-dist/tex/latex/psnfss/omlztmcm.fd
File: omlztmcm.fd 2000/01/03 Fontinst v1.801 font definitions for OML/ztmcm.
)
LaTeX Font Info:    Trying to load font information for OMS+ztmcm on input line
 18.

(/usr/share/texlive/texmf-dist/tex/latex/psnfss/omsztmcm.fd
File: omsztmcm.fd 2000/01/03 Fontinst v1.801 font definitions for OMS/ztmcm.
)
LaTeX Font Info:    Trying to load font information for OMX+ztmcm on input line
 18.

(/usr/share/texlive/texmf-dist/tex/latex/psnfss/omxztmcm.fd
File: omxztmcm.fd 2000/01/03 Fontinst v1.801 font definitions for OMX/ztmcm.
)
LaTeX Font Info:    Trying to load font information for OT1+ptm on input line 1
8.

(/usr/share/texlive/texmf-dist/tex/latex/psnfss/ot1ptm.fd
File: ot1ptm.fd 2001/06/04 font definitions for OT1/ptm.
)
LaTeX Font Info:    Font shape `OT1/ptm/bx/n' in size <24.88> not available
(Font)              Font shape `OT1/ptm/b/n' tried instead on input line 18.
LaTeX Font Info:    Font shape `OT1/ptm/bx/n' in size <17.28> not available
(Font)              Font shape `OT1/ptm/b/n' tried instead on input line 18.
LaTeX Font Info:    Font shape `OT1/ptm/bx/n' in size <14.4> not available
(Font)              Font shape `OT1/ptm/b/n' tried instead on input line 18.

(/usr/share/texlive/texmf-dist/tex/latex/microtype/mt-msa.cfg
File: mt-msa.cfg 2006/02/04 v1.1 microtype config. file: AMS symbols (a) (RS)
)
(/usr/share/texlive/texmf-dist/tex/latex/microtype/mt-msb.cfg
File: mt-msb.cfg 2005/06/01 v1.0 microtype config. file: AMS symbols (b) (RS)
) [1

{/var/lib/texmf/fonts/map/pdftex/updmap/pdftex.map} <./Pictures/background2.pdf
>]
LaTeX Font Info:    Trying to load font information for TS1+ptm on input line 3
0.

(/usr/share/texlive/texmf-dist/tex/latex/psnfss/ts1ptm.fd
File: ts1ptm.fd 2001/06/04 font definitions for TS1/ptm.
)
LaTeX Font Info:    Trying to load font information for T1+cmtt on input line 3
4.

(/usr/share/texlive/texmf-dist/tex/latex/base/t1cmtt.fd
File: t1cmtt.fd 2019/12/16 v2.5j Standard LaTeX font definitions
)
Package microtype Info: Loading generic protrusion settings for font family
(microtype)             `cmtt' (encoding: T1).
(microtype)             For optimal results, create family-specific settings.
(microtype)             See the microtype manual for details.
LaTeX Font Info:    Font shape `OT1/ptm/bx/n' in size <10.95> not available
(Font)              Font shape `OT1/ptm/b/n' tried instead on input line 34.
LaTeX Font Info:    Font shape `OT1/ptm/bx/n' in size <8> not available
(Font)              Font shape `OT1/ptm/b/n' tried instead on input line 34.
LaTeX Font Info:    Font shape `OT1/ptm/bx/n' in size <6> not available
(Font)              Font shape `OT1/ptm/b/n' tried instead on input line 34.
 [2]
<Pictures/header01.png, id=30, 752.8125pt x 451.6875pt>
File: Pictures/header01.png Graphic file (type png)
<use Pictures/header01.png>
Package pdftex.def Info: Pictures/header01.png  used on input line 47.
(pdftex.def)             Requested size: 597.50787pt x 358.53157pt.
 (./Ubuntu.toc
LaTeX Font Info:    Font shape `T1/pag/b/n' in size <12> not available
(Font)              Font shape `T1/pag/db/n' tried instead on input line 2.
LaTeX Font Info:    Font shape `T1/pag/b/n' in size <10.95> not available
(Font)              Font shape `T1/pag/db/n' tried instead on input line 2.

[3 <./Pictures/header01.png>] [4] [5] [6])
\tf@toc=\write5
\openout5 = `Ubuntu.toc'.

 [7] (./capitulo01.tex [8

]
Cap\'{\i }tulo 1.
<Pictures/headerCap.png, id=394, 803.0pt x 451.6875pt>
File: Pictures/headerCap.png Graphic file (type png)
<use Pictures/headerCap.png>
Package pdftex.def Info: Pictures/headerCap.png  used on input line 5.
(pdftex.def)             Requested size: 597.50787pt x 336.11818pt.
LaTeX Font Info:    Font shape `T1/pag/b/n' in size <10> not available
(Font)              Font shape `T1/pag/db/n' tried instead on input line 7.
LaTeX Font Info:    Font shape `OT1/ptm/bx/n' in size <9> not available
(Font)              Font shape `OT1/ptm/b/n' tried instead on input line 22.
LaTeX Font Info:    Font shape `OT1/ptm/bx/n' in size <7> not available
(Font)              Font shape `OT1/ptm/b/n' tried instead on input line 22.
LaTeX Font Info:    Font shape `OT1/ptm/bx/n' in size <5> not available
(Font)              Font shape `OT1/ptm/b/n' tried instead on input line 22.
[9 <./Pictures/headerCap.png>]
Underfull \hbox (badness 10000) in paragraph at lines 43--46

 []

[10]
Package mdframed Info: mdframed works in twoside mode on input line 46.
Package mdframed Info: mdframed detected package amsthm 
 changed the theorem header of amsthm
(mdframed)              on input line 46.
<Pictures/cap01/tux.png, id=415, 40.7121pt x 48.18pt>
File: Pictures/cap01/tux.png Graphic file (type png)
<use Pictures/cap01/tux.png>
Package pdftex.def Info: Pictures/cap01/tux.png  used on input line 61.
(pdftex.def)             Requested size: 81.42395pt x 96.35971pt.
 [11 <./Pictures/cap01/tux.png>] [12]
Underfull \hbox (badness 10000) in paragraph at lines 99--101

 []

Package mdframed Info: mdframed works in twoside mode on input line 101.
Package mdframed Info: mdframed detected package amsthm 
 changed the theorem header of amsthm
(mdframed)              on input line 101.
[13]
<Pictures/cap01/Ubuntu410.png, id=434, 60.7068pt x 48.6618pt>
File: Pictures/cap01/Ubuntu410.png Graphic file (type png)
<use Pictures/cap01/Ubuntu410.png>
Package pdftex.def Info: Pictures/cap01/Ubuntu410.png  used on input line 124.
(pdftex.def)             Requested size: 151.76659pt x 121.65416pt.
 [14 <./Pictures/cap01/Ubuntu410.png>] [15]
Overfull \hbox (59.66765pt too wide) in paragraph at lines 160--165
\T1/cmtt/m/n/10.95 intel-linux-graphics-installer_1.0.4-0intel1_amd64.deb $ sud
o apt install ttf-ancient-fonts
 []

[16]
<Pictures/cap01/familias.png, id=454, 141.6492pt x 81.6651pt>
File: Pictures/cap01/familias.png Graphic file (type png)
<use Pictures/cap01/familias.png>
Package pdftex.def Info: Pictures/cap01/familias.png  used on input line 185.
(pdftex.def)             Requested size: 354.12209pt x 204.16222pt.
 [17 <./Pictures/cap01/familias.png>]
Package mdframed Info: mdframed works in twoside mode on input line 198.
Package mdframed Info: mdframed detected package amsthm 
 changed the theorem header of amsthm
(mdframed)              on input line 198.

Underfull \hbox (badness 10000) in paragraph at lines 214--217

 []

[18]
Package mdframed Info: mdframed works in twoside mode on input line 217.
Package mdframed Info: mdframed detected package amsthm 
 changed the theorem header of amsthm
(mdframed)              on input line 217.
 [19]) (./capitulo02.tex [20

]
Cap\'{\i }tulo 2.
File: Pictures/headerCap.png Graphic file (type png)
<use Pictures/headerCap.png>
Package pdftex.def Info: Pictures/headerCap.png  used on input line 5.
(pdftex.def)             Requested size: 597.50787pt x 336.11818pt.
[21] [22]
Underfull \hbox (badness 10000) in paragraph at lines 76--78

 []

Package mdframed Info: mdframed works in twoside mode on input line 78.
Package mdframed Info: mdframed detected package amsthm 
 changed the theorem header of amsthm
(mdframed)              on input line 78.
<Pictures/cap02/atualizar.png, id=501, 1015.795pt x 455.7025pt>
File: Pictures/cap02/atualizar.png Graphic file (type png)
<use Pictures/cap02/atualizar.png>
Package pdftex.def Info: Pictures/cap02/atualizar.png  used on input line 85.
(pdftex.def)             Requested size: 406.3108pt x 182.27776pt.
[23] [24 <./Pictures/cap02/atualizar.png>] [25]
Underfull \hbox (badness 10000) in paragraph at lines 143--146

 []

Package mdframed Info: mdframed works in twoside mode on input line 146.
Package mdframed Info: mdframed detected package amsthm 
 changed the theorem header of amsthm
(mdframed)              on input line 146.
<Pictures/cap02/computadorAntigo.png, id=521, 37.3395pt x 24.8127pt>
File: Pictures/cap02/computadorAntigo.png Graphic file (type png)
<use Pictures/cap02/computadorAntigo.png>
Package pdftex.def Info: Pictures/cap02/computadorAntigo.png  used on input lin
e 171.
(pdftex.def)             Requested size: 168.02724pt x 111.6568pt.
[26]
Underfull \hbox (badness 10000) in paragraph at lines 183--185

 []

[27 <./Pictures/cap02/computadorAntigo.png>]
Package mdframed Info: mdframed works in twoside mode on input line 185.
Package mdframed Info: mdframed detected package amsthm 
 changed the theorem header of amsthm
(mdframed)              on input line 185.
 [28] [29]
<Pictures/cap02/progsAtualizacoes.png, id=553, 1015.795pt x 455.7025pt>
File: Pictures/cap02/progsAtualizacoes.png Graphic file (type png)
<use Pictures/cap02/progsAtualizacoes.png>
Package pdftex.def Info: Pictures/cap02/progsAtualizacoes.png  used on input li
ne 254.
(pdftex.def)             Requested size: 406.3108pt x 182.27776pt.
<Pictures/cap02/dash.png, id=554, 882.29625pt x 516.93124pt>
File: Pictures/cap02/dash.png Graphic file (type png)
<use Pictures/cap02/dash.png>
Package pdftex.def Info: Pictures/cap02/dash.png  used on input line 271.
(pdftex.def)             Requested size: 352.91225pt x 206.76883pt.
 [30 <./Pictures/cap02/progsAtualizacoes.png>]
Underfull \hbox (badness 10000) in paragraph at lines 275--277

 []

Package mdframed Info: mdframed works in twoside mode on input line 277.
Package mdframed Info: mdframed detected package amsthm 
 changed the theorem header of amsthm
(mdframed)              on input line 277.
<Pictures/cap02/ajuda.png, id=564, 899.36pt x 552.0625pt>
File: Pictures/cap02/ajuda.png Graphic file (type png)
<use Pictures/cap02/ajuda.png>
Package pdftex.def Info: Pictures/cap02/ajuda.png  used on input line 282.
(pdftex.def)             Requested size: 359.73763pt x 220.82108pt.
[31 <./Pictures/cap02/dash.png> <./Pictures/cap02/ajuda.png>]
<Pictures/cap02/loja.png, id=575, 973.6375pt x 589.20125pt>
File: Pictures/cap02/loja.png Graphic file (type png)
<use Pictures/cap02/loja.png>
Package pdftex.def Info: Pictures/cap02/loja.png  used on input line 291.
(pdftex.def)             Requested size: 389.44809pt x 235.67632pt.

Underfull \hbox (badness 10000) in paragraph at lines 298--300

 []

Package mdframed Info: mdframed works in twoside mode on input line 300.
Package mdframed Info: mdframed detected package amsthm 
 changed the theorem header of amsthm
(mdframed)              on input line 300.
[32 <./Pictures/cap02/loja.png>]
<Pictures/cap02/outrosProgramas.png, id=587, 1015.795pt x 455.7025pt>
File: Pictures/cap02/outrosProgramas.png Graphic file (type png)
<use Pictures/cap02/outrosProgramas.png>
Package pdftex.def Info: Pictures/cap02/outrosProgramas.png  used on input line
 315.
(pdftex.def)             Requested size: 406.3108pt x 182.27776pt.
 [33 <./Pictures/cap02/outrosProgramas.png>]
[34]
<Pictures/cap02/executavel.png, id=604, 492.84125pt x 469.755pt>
File: Pictures/cap02/executavel.png Graphic file (type png)
<use Pictures/cap02/executavel.png>
Package pdftex.def Info: Pictures/cap02/executavel.png  used on input line 387.

(pdftex.def)             Requested size: 197.133pt x 187.89867pt.
 [35] [36 <./Pictures/cap02/executavel.png>]
<Pictures/cap02/nano.png, id=629, 816.04875pt x 348.30125pt>
File: Pictures/cap02/nano.png Graphic file (type png)
<use Pictures/cap02/nano.png>
Package pdftex.def Info: Pictures/cap02/nano.png  used on input line 420.
(pdftex.def)             Requested size: 326.41371pt x 139.31802pt.
<Pictures/cap02/gedit.png, id=630, 721.69624pt x 333.245pt>
File: Pictures/cap02/gedit.png Graphic file (type png)
<use Pictures/cap02/gedit.png>
Package pdftex.def Info: Pictures/cap02/gedit.png  used on input line 440.
(pdftex.def)             Requested size: 288.67339pt x 133.29562pt.
 [37 <./Pictures/cap02/nano.png>] [38 <./Pictures/cap02/gedit.png>] [39]) (./ca
pitulo03.tex [40

]
Cap\'{\i }tulo 3.
File: Pictures/headerCap.png Graphic file (type png)
<use Pictures/headerCap.png>
Package pdftex.def Info: Pictures/headerCap.png  used on input line 5.
(pdftex.def)             Requested size: 597.50787pt x 336.11818pt.
LaTeX Info: Symbol \textasciiacute not provided by
            font family ptm in TS1 encoding.
            Default family used instead on input line 12.
(/usr/share/texlive/texmf-dist/tex/latex/microtype/mt-cmr.cfg
File: mt-cmr.cfg 2013/05/19 v2.2 microtype config. file: Computer Modern Roman 
(RS)
)
Package mdframed Info: mdframed works in twoside mode on input line 13.
Package mdframed Info: mdframed detected package amsthm 
 changed the theorem header of amsthm
(mdframed)              on input line 13.
 [41]
<Pictures/cap03/shotwell.png, id=661, 179.7114pt x 111.2958pt>
File: Pictures/cap03/shotwell.png Graphic file (type png)
<use Pictures/cap03/shotwell.png>
Package pdftex.def Info: Pictures/cap03/shotwell.png  used on input line 41.
(pdftex.def)             Requested size: 251.59421pt x 155.81303pt.


LaTeX Warning: `!h' float specifier changed to `!ht'.

[42] [43 <./Pictures/cap03/shotwell.png>] [44]
<Pictures/cap03/atualizador.png, id=683, 649.42625pt x 144.54pt>
File: Pictures/cap03/atualizador.png Graphic file (type png)
<use Pictures/cap03/atualizador.png>
Package pdftex.def Info: Pictures/cap03/atualizador.png  used on input line 88.

(pdftex.def)             Requested size: 259.7659pt x 57.81496pt.
 [45 <./Pictures/cap03/atualizador.png>]
<Pictures/cap03/discos.png, id=692, 955.57pt x 695.59875pt>
File: Pictures/cap03/discos.png Graphic file (type png)
<use Pictures/cap03/discos.png>
Package pdftex.def Info: Pictures/cap03/discos.png  used on input line 117.
(pdftex.def)             Requested size: 286.67322pt x 208.68123pt.
 [46 <./Pictures/cap03/discos.png>] [47] [48]
<Pictures/cap03/configura.png, id=709, 326.21875pt x 375.4025pt>
File: Pictures/cap03/configura.png Graphic file (type png)
<use Pictures/cap03/configura.png>
Package pdftex.def Info: Pictures/cap03/configura.png  used on input line 194.
(pdftex.def)             Requested size: 88.08023pt x 101.36002pt.
<Pictures/cap03/selecionar.png, id=710, 477.785pt x 492.84125pt>
File: Pictures/cap03/selecionar.png Graphic file (type png)
<use Pictures/cap03/selecionar.png>
Package pdftex.def Info: Pictures/cap03/selecionar.png  used on input line 207.

(pdftex.def)             Requested size: 191.11061pt x 197.133pt.
 [49 <./Pictures/cap03/configura.png>] [50 <./Pictures/cap03/selecionar.png>] [
51]
<Pictures/cap03/twitter.png, id=734, 1091.07625pt x 678.535pt>
File: Pictures/cap03/twitter.png Graphic file (type png)
<use Pictures/cap03/twitter.png>
Package pdftex.def Info: Pictures/cap03/twitter.png  used on input line 256.
(pdftex.def)             Requested size: 327.3254pt x 203.56207pt.
<Pictures/cap03/Gimp.png, id=735, 243.0681pt x 119.0046pt>
File: Pictures/cap03/Gimp.png Graphic file (type png)
<use Pictures/cap03/Gimp.png>
Package pdftex.def Info: Pictures/cap03/Gimp.png  used on input line 263.
(pdftex.def)             Requested size: 340.29301pt x 166.60527pt.
 [52 <./Pictures/cap03/twitter.png> <./Pictures/cap03/Gimp.png>] [53]) (./capit
ulo04.tex [54

]
Cap\'{\i }tulo 4.
File: Pictures/headerCap.png Graphic file (type png)
<use Pictures/headerCap.png>
Package pdftex.def Info: Pictures/headerCap.png  used on input line 11.
(pdftex.def)             Requested size: 597.50787pt x 336.11818pt.

Underfull \hbox (badness 10000) in paragraph at lines 21--22

 []

Package mdframed Info: mdframed works in twoside mode on input line 22.
Package mdframed Info: mdframed detected package amsthm 
 changed the theorem header of amsthm
(mdframed)              on input line 22.
[55]
<Pictures/cap04/Organiza/Bleachbit.png, id=767, 91.542pt x 55.8888pt>
File: Pictures/cap04/Organiza/Bleachbit.png Graphic file (type png)
<use Pictures/cap04/Organiza/Bleachbit.png>
Package pdftex.def Info: Pictures/cap04/Organiza/Bleachbit.png  used on input l
ine 41.
(pdftex.def)             Requested size: 102.42921pt x 62.537pt.
<Pictures/cap04/Organiza/Gramps.png, id=768, 91.542pt x 54.9252pt>
File: Pictures/cap04/Organiza/Gramps.png Graphic file (type png)
<use Pictures/cap04/Organiza/Gramps.png>
Package pdftex.def Info: Pictures/cap04/Organiza/Gramps.png  used on input line
 51.
(pdftex.def)             Requested size: 102.42921pt x 61.45879pt.
<Pictures/cap04/Organiza/KMyMoney.png, id=769, 87.9285pt x 59.7432pt>
File: Pictures/cap04/Organiza/KMyMoney.png Graphic file (type png)
<use Pictures/cap04/Organiza/KMyMoney.png>
Package pdftex.def Info: Pictures/cap04/Organiza/KMyMoney.png  used on input li
ne 61.
(pdftex.def)             Requested size: 102.42921pt x 69.60022pt.
<Pictures/cap04/Organiza/Nemo.png, id=770, 91.542pt x 59.9841pt>
File: Pictures/cap04/Organiza/Nemo.png Graphic file (type png)
<use Pictures/cap04/Organiza/Nemo.png>
Package pdftex.def Info: Pictures/cap04/Organiza/Nemo.png  used on input line 7
1.
(pdftex.def)             Requested size: 102.42921pt x 67.11946pt.
 [56 <./Pictures/cap04/Organiza/Bleachbit.png> <./Pictures/cap04/Organiza/Gramp
s.png> <./Pictures/cap04/Organiza/KMyMoney.png>]
<Pictures/cap04/Organiza/Planner.png, id=782, 91.542pt x 60.7068pt>
File: Pictures/cap04/Organiza/Planner.png Graphic file (type png)
<use Pictures/cap04/Organiza/Planner.png>
Package pdftex.def Info: Pictures/cap04/Organiza/Planner.png  used on input lin
e 81.
(pdftex.def)             Requested size: 102.42921pt x 67.92813pt.
<Pictures/cap04/Organiza/SearchMonkey.png, id=783, 91.542pt x 67.6929pt>
File: Pictures/cap04/Organiza/SearchMonkey.png Graphic file (type png)
<use Pictures/cap04/Organiza/SearchMonkey.png>
Package pdftex.def Info: Pictures/cap04/Organiza/SearchMonkey.png  used on inpu
t line 91.
(pdftex.def)             Requested size: 102.42921pt x 75.74529pt.
<Pictures/cap04/Organiza/Tomboy.png, id=784, 91.542pt x 60.7068pt>
File: Pictures/cap04/Organiza/Tomboy.png Graphic file (type png)
<use Pictures/cap04/Organiza/Tomboy.png>
Package pdftex.def Info: Pictures/cap04/Organiza/Tomboy.png  used on input line
 101.
(pdftex.def)             Requested size: 102.42921pt x 67.92813pt.
<Pictures/cap04/Organiza/wxBanker.png, id=785, 91.542pt x 59.0205pt>
File: Pictures/cap04/Organiza/wxBanker.png Graphic file (type png)
<use Pictures/cap04/Organiza/wxBanker.png>
Package pdftex.def Info: Pictures/cap04/Organiza/wxBanker.png  used on input li
ne 111.
(pdftex.def)             Requested size: 102.42921pt x 66.04123pt.
 [57 <./Pictures/cap04/Organiza/Nemo.png> <./Pictures/cap04/Organiza/Planner.pn
g> <./Pictures/cap04/Organiza/SearchMonkey.png> <./Pictures/cap04/Organiza/Tomb
oy.png> <./Pictures/cap04/Organiza/wxBanker.png>]
<Pictures/cap04/Editores/Atom.png, id=800, 67.452pt x 40.7121pt>
File: Pictures/cap04/Editores/Atom.png Graphic file (type png)
<use Pictures/cap04/Editores/Atom.png>
Package pdftex.def Info: Pictures/cap04/Editores/Atom.png  used on input line 1
26.
(pdftex.def)             Requested size: 102.42921pt x 61.82895pt.
<Pictures/cap04/Editores/Bluej.png, id=801, 67.452pt x 51.7935pt>
File: Pictures/cap04/Editores/Bluej.png Graphic file (type png)
<use Pictures/cap04/Editores/Bluej.png>
Package pdftex.def Info: Pictures/cap04/Editores/Bluej.png  used on input line 
136.
(pdftex.def)             Requested size: 102.42921pt x 78.65816pt.
<Pictures/cap04/Editores/Codeblocks.png, id=803, 67.452pt x 44.0847pt>
File: Pictures/cap04/Editores/Codeblocks.png Graphic file (type png)
<use Pictures/cap04/Editores/Codeblocks.png>
Package pdftex.def Info: Pictures/cap04/Editores/Codeblocks.png  used on input 
line 146.
(pdftex.def)             Requested size: 102.42921pt x 66.9509pt.
<Pictures/cap04/Editores/Pencil.png, id=804, 67.452pt x 39.0258pt>
File: Pictures/cap04/Editores/Pencil.png Graphic file (type png)
<use Pictures/cap04/Editores/Pencil.png>
Package pdftex.def Info: Pictures/cap04/Editores/Pencil.png  used on input line
 156.
(pdftex.def)             Requested size: 102.42921pt x 59.268pt.
<Pictures/cap04/Editores/Geany.png, id=806, 67.452pt x 44.5665pt>
File: Pictures/cap04/Editores/Geany.png Graphic file (type png)
<use Pictures/cap04/Editores/Geany.png>
Package pdftex.def Info: Pictures/cap04/Editores/Geany.png  used on input line 
166.
(pdftex.def)             Requested size: 102.42921pt x 67.68259pt.
 [58 <./Pictures/cap04/Editores/Atom.png> <./Pictures/cap04/Editores/Bluej.png>
 <./Pictures/cap04/Editores/Codeblocks.png> <./Pictures/cap04/Editores/Pencil.p
ng>]
<Pictures/cap04/Editores/Greenfoot.png, id=819, 67.452pt x 43.8438pt>
File: Pictures/cap04/Editores/Greenfoot.png Graphic file (type png)
<use Pictures/cap04/Editores/Greenfoot.png>
Package pdftex.def Info: Pictures/cap04/Editores/Greenfoot.png  used on input l
ine 176.
(pdftex.def)             Requested size: 102.42921pt x 66.58504pt.
<Pictures/cap04/Editores/Idea.png, id=821, 67.452pt x 41.9166pt>
File: Pictures/cap04/Editores/Idea.png Graphic file (type png)
<use Pictures/cap04/Editores/Idea.png>
Package pdftex.def Info: Pictures/cap04/Editores/Idea.png  used on input line 1
86.
(pdftex.def)             Requested size: 102.42921pt x 63.6582pt.
<Pictures/cap04/Editores/TeXstudio.png, id=822, 67.452pt x 33.4851pt>
File: Pictures/cap04/Editores/TeXstudio.png Graphic file (type png)
<use Pictures/cap04/Editores/TeXstudio.png>
Package pdftex.def Info: Pictures/cap04/Editores/TeXstudio.png  used on input l
ine 196.
(pdftex.def)             Requested size: 102.42921pt x 50.85342pt.
<Pictures/cap04/Editores/Musescore.png, id=823, 67.452pt x 40.4712pt>
File: Pictures/cap04/Editores/Musescore.png Graphic file (type png)
<use Pictures/cap04/Editores/Musescore.png>
Package pdftex.def Info: Pictures/cap04/Editores/Musescore.png  used on input l
ine 206.
(pdftex.def)             Requested size: 102.42921pt x 61.46313pt.
<Pictures/cap04/Editores/PDFSam.png, id=824, 67.452pt x 41.4348pt>
File: Pictures/cap04/Editores/PDFSam.png Graphic file (type png)
<use Pictures/cap04/Editores/PDFSam.png>
Package pdftex.def Info: Pictures/cap04/Editores/PDFSam.png  used on input line
 216.
(pdftex.def)             Requested size: 102.42921pt x 62.9265pt.
 [59 <./Pictures/cap04/Editores/Geany.png> <./Pictures/cap04/Editores/Greenfoot
.png> <./Pictures/cap04/Editores/Idea.png> <./Pictures/cap04/Editores/TeXstudio
.png> <./Pictures/cap04/Editores/Musescore.png>]
<Pictures/cap04/Editores/Pycharm.png, id=839, 67.452pt x 40.4712pt>
File: Pictures/cap04/Editores/Pycharm.png Graphic file (type png)
<use Pictures/cap04/Editores/Pycharm.png>
Package pdftex.def Info: Pictures/cap04/Editores/Pycharm.png  used on input lin
e 226.
(pdftex.def)             Requested size: 102.42921pt x 61.46313pt.
<Pictures/cap04/Editores/RStudio.png, id=840, 67.452pt x 37.8213pt>
File: Pictures/cap04/Editores/RStudio.png Graphic file (type png)
<use Pictures/cap04/Editores/RStudio.png>
Package pdftex.def Info: Pictures/cap04/Editores/RStudio.png  used on input lin
e 236.
(pdftex.def)             Requested size: 102.42921pt x 57.43874pt.
<Pictures/cap04/Editores/Scribus.png, id=841, 67.452pt x 51.5526pt>
File: Pictures/cap04/Editores/Scribus.png Graphic file (type png)
<use Pictures/cap04/Editores/Scribus.png>
Package pdftex.def Info: Pictures/cap04/Editores/Scribus.png  used on input lin
e 246.
(pdftex.def)             Requested size: 102.42921pt x 78.2923pt.
<Pictures/cap04/Editores/Sweet.png, id=844, 67.452pt x 50.589pt>
File: Pictures/cap04/Editores/Sweet.png Graphic file (type png)
<use Pictures/cap04/Editores/Sweet.png>
Package pdftex.def Info: Pictures/cap04/Editores/Sweet.png  used on input line 
256.
(pdftex.def)             Requested size: 102.42921pt x 76.8289pt.

[60 <./Pictures/cap04/Editores/PDFSam.png> <./Pictures/cap04/Editores/Pycharm.p
ng> <./Pictures/cap04/Editores/RStudio.png> <./Pictures/cap04/Editores/Scribus.
png> <./Pictures/cap04/Editores/Sweet.png>]
<Pictures/cap04/Internet/Dropbox.png, id=861, 67.452pt x 54.9252pt>
File: Pictures/cap04/Internet/Dropbox.png Graphic file (type png)
<use Pictures/cap04/Internet/Dropbox.png>
Package pdftex.def Info: Pictures/cap04/Internet/Dropbox.png  used on input lin
e 270.
(pdftex.def)             Requested size: 102.42921pt x 83.41423pt.
<Pictures/cap04/Internet/Filezilla.png, id=862, 67.452pt x 43.8438pt>
File: Pictures/cap04/Internet/Filezilla.png Graphic file (type png)
<use Pictures/cap04/Internet/Filezilla.png>
Package pdftex.def Info: Pictures/cap04/Internet/Filezilla.png  used on input l
ine 280.
(pdftex.def)             Requested size: 102.42921pt x 66.58504pt.
<Pictures/cap04/Internet/Liferea.png, id=863, 67.452pt x 44.8074pt>
File: Pictures/cap04/Internet/Liferea.png Graphic file (type png)
<use Pictures/cap04/Internet/Liferea.png>
Package pdftex.def Info: Pictures/cap04/Internet/Liferea.png  used on input lin
e 290.
(pdftex.def)             Requested size: 102.42921pt x 68.04845pt.
<Pictures/cap04/Internet/Postman.png, id=866, 67.452pt x 44.0847pt>
File: Pictures/cap04/Internet/Postman.png Graphic file (type png)
<use Pictures/cap04/Internet/Postman.png>
Package pdftex.def Info: Pictures/cap04/Internet/Postman.png  used on input lin
e 300.
(pdftex.def)             Requested size: 102.42921pt x 66.9509pt.
 [61 <./Pictures/cap04/Internet/Dropbox.png> <./Pictures/cap04/Internet/Filezil
la.png> <./Pictures/cap04/Internet/Liferea.png> <./Pictures/cap04/Internet/Post
man.png>]
<Pictures/cap04/Jogos/0ad.png, id=881, 67.452pt x 45.0483pt>
File: Pictures/cap04/Jogos/0ad.png Graphic file (type png)
<use Pictures/cap04/Jogos/0ad.png>
Package pdftex.def Info: Pictures/cap04/Jogos/0ad.png  used on input line 315.
(pdftex.def)             Requested size: 102.42921pt x 68.41429pt.
<Pictures/cap04/Jogos/Burgerspace.png, id=882, 67.452pt x 54.9252pt>
File: Pictures/cap04/Jogos/Burgerspace.png Graphic file (type png)
<use Pictures/cap04/Jogos/Burgerspace.png>
Package pdftex.def Info: Pictures/cap04/Jogos/Burgerspace.png  used on input li
ne 325.
(pdftex.def)             Requested size: 102.42921pt x 83.41423pt.
<Pictures/cap04/Jogos/ChromiumBSU.png, id=883, 67.452pt x 52.998pt>
File: Pictures/cap04/Jogos/ChromiumBSU.png Graphic file (type png)
<use Pictures/cap04/Jogos/ChromiumBSU.png>
Package pdftex.def Info: Pictures/cap04/Jogos/ChromiumBSU.png  used on input li
ne 335.
(pdftex.def)             Requested size: 102.42921pt x 80.48743pt.
<Pictures/cap04/Jogos/supertux.png, id=884, 67.452pt x 40.7121pt>
File: Pictures/cap04/Jogos/supertux.png Graphic file (type png)
<use Pictures/cap04/Jogos/supertux.png>
Package pdftex.def Info: Pictures/cap04/Jogos/supertux.png  used on input line 
345.
(pdftex.def)             Requested size: 102.42921pt x 61.82895pt.
<Pictures/cap04/Jogos/supertuxkart.png, id=885, 67.452pt x 50.589pt>
File: Pictures/cap04/Jogos/supertuxkart.png Graphic file (type png)
<use Pictures/cap04/Jogos/supertuxkart.png>
Package pdftex.def Info: Pictures/cap04/Jogos/supertuxkart.png  used on input l
ine 355.
(pdftex.def)             Requested size: 102.42921pt x 76.8289pt.
 [62 <./Pictures/cap04/Jogos/0ad.png> <./Pictures/cap04/Jogos/Burgerspace.png> 
<./Pictures/cap04/Jogos/ChromiumBSU.png> <./Pictures/cap04/Jogos/supertux.png>]
<Pictures/cap04/Jogos/Tali.png, id=898, 67.452pt x 51.7935pt>
File: Pictures/cap04/Jogos/Tali.png Graphic file (type png)
<use Pictures/cap04/Jogos/Tali.png>
Package pdftex.def Info: Pictures/cap04/Jogos/Tali.png  used on input line 365.

(pdftex.def)             Requested size: 102.42921pt x 78.65816pt.
<Pictures/cap04/Jogos/ExtremeTuxRacer.png, id=899, 67.452pt x 50.8299pt>
File: Pictures/cap04/Jogos/ExtremeTuxRacer.png Graphic file (type png)
<use Pictures/cap04/Jogos/ExtremeTuxRacer.png>
Package pdftex.def Info: Pictures/cap04/Jogos/ExtremeTuxRacer.png  used on inpu
t line 375.
(pdftex.def)             Requested size: 102.42921pt x 77.19473pt.
<Pictures/cap04/Jogos/XBoard.png, id=900, 67.452pt x 78.5334pt>
File: Pictures/cap04/Jogos/XBoard.png Graphic file (type png)
<use Pictures/cap04/Jogos/XBoard.png>
Package pdftex.def Info: Pictures/cap04/Jogos/XBoard.png  used on input line 38
5.
(pdftex.def)             Requested size: 102.42921pt x 119.26775pt.
<Pictures/cap04/Jogos/xgalaga.png, id=901, 67.452pt x 53.7207pt>
File: Pictures/cap04/Jogos/xgalaga.png Graphic file (type png)
<use Pictures/cap04/Jogos/xgalaga.png>
Package pdftex.def Info: Pictures/cap04/Jogos/xgalaga.png  used on input line 3
95.
(pdftex.def)             Requested size: 102.42921pt x 81.58499pt.
 [63 <./Pictures/cap04/Jogos/supertuxkart.png (PNG copy)> <./Pictures/cap04/Jog
os/Tali.png> <./Pictures/cap04/Jogos/ExtremeTuxRacer.png (PNG copy)> <./Picture
s/cap04/Jogos/XBoard.png (PNG copy)>]
<Pictures/cap04/Som/Audacious.png, id=911, 66.2475pt x 27.9444pt>
File: Pictures/cap04/Som/Audacious.png Graphic file (type png)
<use Pictures/cap04/Som/Audacious.png>
Package pdftex.def Info: Pictures/cap04/Som/Audacious.png  used on input line 4
08.
(pdftex.def)             Requested size: 102.42921pt x 43.20972pt.
<Pictures/cap04/Som/Audacity.png, id=912, 67.452pt x 37.8213pt>
File: Pictures/cap04/Som/Audacity.png Graphic file (type png)
<use Pictures/cap04/Som/Audacity.png>
Package pdftex.def Info: Pictures/cap04/Som/Audacity.png  used on input line 41
8.
(pdftex.def)             Requested size: 102.42921pt x 57.43874pt.
<Pictures/cap04/Som/Easytag.png, id=913, 67.452pt x 46.7346pt>
File: Pictures/cap04/Som/Easytag.png Graphic file (type png)
<use Pictures/cap04/Som/Easytag.png>
Package pdftex.def Info: Pictures/cap04/Som/Easytag.png  used on input line 428
.
(pdftex.def)             Requested size: 102.42921pt x 70.97528pt.
<Pictures/cap04/Som/mp3splt.png, id=914, 67.452pt x 44.5665pt>
File: Pictures/cap04/Som/mp3splt.png Graphic file (type png)
<use Pictures/cap04/Som/mp3splt.png>
Package pdftex.def Info: Pictures/cap04/Som/mp3splt.png  used on input line 438
.
(pdftex.def)             Requested size: 102.42921pt x 67.68259pt.
 [64 <./Pictures/cap04/Jogos/xgalaga.png> <./Pictures/cap04/Som/Audacious.png> 
<./Pictures/cap04/Som/Audacity.png> <./Pictures/cap04/Som/Easytag.png>]
<Pictures/cap04/Editores/Mypaint.png, id=927, 67.452pt x 40.953pt>
File: Pictures/cap04/Editores/Mypaint.png Graphic file (type png)
<use Pictures/cap04/Editores/Mypaint.png>
Package pdftex.def Info: Pictures/cap04/Editores/Mypaint.png  used on input lin
e 448.
(pdftex.def)             Requested size: 102.42921pt x 62.19481pt.
<Pictures/cap04/Som/Pinta.png, id=928, 67.452pt x 48.9027pt>
File: Pictures/cap04/Som/Pinta.png Graphic file (type png)
<use Pictures/cap04/Som/Pinta.png>
Package pdftex.def Info: Pictures/cap04/Som/Pinta.png  used on input line 458.
(pdftex.def)             Requested size: 102.42921pt x 74.26791pt.
File: Pictures/cap04/Som/mp3splt.png Graphic file (type png)
<use Pictures/cap04/Som/mp3splt.png>
Package pdftex.def Info: Pictures/cap04/Som/mp3splt.png  used on input line 468
.
(pdftex.def)             Requested size: 102.42921pt x 67.68259pt.
<Pictures/cap04/Som/Stopmotion.png, id=929, 67.452pt x 54.4434pt>
File: Pictures/cap04/Som/Stopmotion.png Graphic file (type png)
<use Pictures/cap04/Som/Stopmotion.png>
Package pdftex.def Info: Pictures/cap04/Som/Stopmotion.png  used on input line 
478.
(pdftex.def)             Requested size: 102.42921pt x 82.68253pt.
<Pictures/cap04/Som/Synfig.png, id=930, 67.452pt x 38.0622pt>
File: Pictures/cap04/Som/Synfig.png Graphic file (type png)
<use Pictures/cap04/Som/Synfig.png>
Package pdftex.def Info: Pictures/cap04/Som/Synfig.png  used on input line 488.

(pdftex.def)             Requested size: 102.42921pt x 57.80458pt.
 [65 <./Pictures/cap04/Som/mp3splt.png> <./Pictures/cap04/Editores/Mypaint.png>
 <./Pictures/cap04/Som/Pinta.png> <./Pictures/cap04/Som/Stopmotion.png>]
Underfull \hbox (badness 10000) in paragraph at lines 494--495

 []

Package mdframed Info: mdframed works in twoside mode on input line 495.
Package mdframed Info: mdframed detected package amsthm 
 changed the theorem header of amsthm
(mdframed)              on input line 495.
<Pictures/cap04/Estudo/Anki.png, id=945, 67.452pt x 49.8663pt>
File: Pictures/cap04/Estudo/Anki.png Graphic file (type png)
<use Pictures/cap04/Estudo/Anki.png>
Package pdftex.def Info: Pictures/cap04/Estudo/Anki.png  used on input line 503
.
(pdftex.def)             Requested size: 102.42921pt x 75.73134pt.
<Pictures/cap04/Estudo/Artha.png, id=946, 67.452pt x 50.3481pt>
File: Pictures/cap04/Estudo/Artha.png Graphic file (type png)
<use Pictures/cap04/Estudo/Artha.png>
Package pdftex.def Info: Pictures/cap04/Estudo/Artha.png  used on input line 51
3.
(pdftex.def)             Requested size: 102.42921pt x 76.46304pt.
<Pictures/cap04/Estudo/Calibre.png, id=947, 67.452pt x 41.1939pt>
File: Pictures/cap04/Estudo/Calibre.png Graphic file (type png)
<use Pictures/cap04/Estudo/Calibre.png>
Package pdftex.def Info: Pictures/cap04/Estudo/Calibre.png  used on input line 
523.
(pdftex.def)             Requested size: 102.42921pt x 62.56064pt.
<Pictures/cap04/Estudo/Geogebra.png, id=948, 67.452pt x 53.4798pt>
File: Pictures/cap04/Estudo/Geogebra.png Graphic file (type png)
<use Pictures/cap04/Estudo/Geogebra.png>
Package pdftex.def Info: Pictures/cap04/Estudo/Geogebra.png  used on input line
 533.
(pdftex.def)             Requested size: 102.42921pt x 81.21913pt.
[66 <./Pictures/cap04/Som/Synfig.png> <./Pictures/cap04/Estudo/Anki.png> <./Pic
tures/cap04/Estudo/Artha.png> <./Pictures/cap04/Estudo/Calibre.png>]
<Pictures/cap04/Estudo/GnuOctave.png, id=963, 67.452pt x 49.3845pt>
File: Pictures/cap04/Estudo/GnuOctave.png Graphic file (type png)
<use Pictures/cap04/Estudo/GnuOctave.png>
Package pdftex.def Info: Pictures/cap04/Estudo/GnuOctave.png  used on input lin
e 543.
(pdftex.def)             Requested size: 102.42921pt x 74.99963pt.
<Pictures/cap04/Estudo/TuxGuitar.png, id=964, 67.452pt x 47.4573pt>
File: Pictures/cap04/Estudo/TuxGuitar.png Graphic file (type png)
<use Pictures/cap04/Estudo/TuxGuitar.png>
Package pdftex.def Info: Pictures/cap04/Estudo/TuxGuitar.png  used on input lin
e 553.
(pdftex.def)             Requested size: 102.42921pt x 72.07281pt.
 [67 <./Pictures/cap04/Estudo/Geogebra.png> <./Pictures/cap04/Estudo/GnuOctave.
png> <./Pictures/cap04/Estudo/TuxGuitar.png>]) (./capitulo05.tex [68

]
Cap\'{\i }tulo 5.
File: Pictures/headerCap.png Graphic file (type png)
<use Pictures/headerCap.png>
Package pdftex.def Info: Pictures/headerCap.png  used on input line 5.
(pdftex.def)             Requested size: 597.50787pt x 336.11818pt.

Underfull \hbox (badness 10000) in paragraph at lines 15--16

 []

Package mdframed Info: mdframed works in twoside mode on input line 16.
Package mdframed Info: mdframed detected package amsthm 
 changed the theorem header of amsthm
(mdframed)              on input line 16.
[69] [70]
<Pictures/cap05/InstCMap.png, id=1004, 881.2925pt x 585.18625pt>
File: Pictures/cap05/InstCMap.png Graphic file (type png)
<use Pictures/cap05/InstCMap.png>
Package pdftex.def Info: Pictures/cap05/InstCMap.png  used on input line 78.
(pdftex.def)             Requested size: 352.51076pt x 234.07034pt.
 [71 <./Pictures/cap05/InstCMap.png>] [72] [73]
<Pictures/cap05/Vue.png, id=1060, 971.63pt x 557.08125pt>
File: Pictures/cap05/Vue.png Graphic file (type png)
<use Pictures/cap05/Vue.png>
Package pdftex.def Info: Pictures/cap05/Vue.png  used on input line 166.
(pdftex.def)             Requested size: 388.64511pt x 222.82855pt.
 [74 <./Pictures/cap05/Vue.png>] [75] [76] [77] [78]
<Pictures/cap05/MeuDesktop.png, id=1185, 963.6pt x 542.025pt>
File: Pictures/cap05/MeuDesktop.png Graphic file (type png)
<use Pictures/cap05/MeuDesktop.png>
Package pdftex.def Info: Pictures/cap05/MeuDesktop.png  used on input line 361.

(pdftex.def)             Requested size: 385.43317pt x 216.80615pt.
 [79 <./Pictures/cap05/MeuDesktop.png>])
(./capitulo06.tex [80

]
Cap\'{\i }tulo 6.
File: Pictures/headerCap.png Graphic file (type png)
<use Pictures/headerCap.png>
Package pdftex.def Info: Pictures/headerCap.png  used on input line 5.
(pdftex.def)             Requested size: 597.50787pt x 336.11818pt.
[81] [82] [83] [84] [85] [86] [87] [88] [89]

LaTeX Warning: Command \textasciicircum invalid in math mode on input line 349.



LaTeX Warning: Command \textbackslash invalid in math mode on input line 349.


LaTeX Warning: Command \textasciicircum invalid in math mode on input line 349.



Overfull \hbox (3.24498pt too wide) in paragraph at lines 347--350
\T1/cmtt/m/n/10.95 "warning: files list file for package '"$\OMS/ztmcm/m/n/10.9
5 j$ \T1/cmtt/m/n/10.95 grep -Po "[$\OT1/ztmcm/m/n/10.95 ^$\T1/cmtt/m/n/10.95 '
$\OMS/ztmcm/m/n/10.95 n$\T1/cmtt/m/n/10.95 n ]+'"$\OMS/ztmcm/m/n/10.95 j$ \T1/c
mtt/m/n/10.95 grep -Po "[$\OT1/ztmcm/m/n/10.95 ^$\T1/cmtt/m/n/10.95 ']+");
 []

[90] [91] [92])
Ap\^endice A.
File: Pictures/headerCap.png Graphic file (type png)
<use Pictures/headerCap.png>
Package pdftex.def Info: Pictures/headerCap.png  used on input line 67.
(pdftex.def)             Requested size: 597.50787pt x 336.11818pt.
[93

] [94] [95]
<Pictures/CpFundo.png, id=1307, 120.45pt x 168.63pt>
File: Pictures/CpFundo.png Graphic file (type png)
<use Pictures/CpFundo.png>
Package pdftex.def Info: Pictures/CpFundo.png  used on input line 115.
(pdftex.def)             Requested size: 597.50787pt x 836.59424pt.
 [96

 <./Pictures/CpFundo.png (PNG copy)>]
Package atveryend Info: Empty hook `BeforeClearDocument' on input line 133.
Package atveryend Info: Empty hook `AfterLastShipout' on input line 133.
 (./Ubuntu.aux)
Package atveryend Info: Executing hook `AtVeryEndDocument' on input line 133.
Package atveryend Info: Empty hook `AtEndAfterFileList' on input line 133.
 ) 
Here is how much of TeX's memory you used:
 25915 strings out of 483090
 465743 string characters out of 5963930
 908175 words of memory out of 5000000
 39525 multiletter control sequences out of 15000+600000
 645413 words of font info for 305 fonts, out of 8000000 for 9000
 61 hyphenation exceptions out of 8191
 63i,12n,62p,1197b,1858s stack positions out of 5000i,500n,10000p,200000b,80000s
 </home/fernando/.texlive2019/texmf-var/fonts/pk/ljfour/jknappen/ec/tcrm1095.
600pk> </home/fernando/.texlive2019/texmf-var/fonts/pk/ljfour/jknappen/ec/ectt1
000.600pk> </home/fernando/.texlive2019/texmf-var/fonts/pk/ljfour/jknappen/ec/e
ctt0900.600pk>{/usr/share/texlive/texmf-dist/fonts/enc/dvips/base/8r.enc} </hom
e/fernando/.texlive2019/texmf-var/fonts/pk/ljfour/jknappen/ec/ectt1095.600pk></
usr/share/texlive/texmf-dist/fonts/type1/public/amsfonts/cm/cmsy10.pfb></usr/sh
are/texlive/texmf-dist/fonts/type1/urw/avantgar/uagd8a.pfb></usr/share/texlive/
texmf-dist/fonts/type1/urw/avantgar/uagk8a.pfb></usr/share/texlive/texmf-dist/f
onts/type1/urw/times/utmb8a.pfb></usr/share/texlive/texmf-dist/fonts/type1/urw/
times/utmr8a.pfb></usr/share/texlive/texmf-dist/fonts/type1/urw/times/utmri8a.p
fb>
Output written on Ubuntu.pdf (96 pages, 4470769 bytes).
PDF statistics:
 2008 PDF objects out of 2073 (max. 8388607)
 1418 compressed objects within 15 object streams
 529 named destinations out of 1000 (max. 500000)
 62721 words of extra memory for PDF output out of 74296 (max. 10000000)

